{"/Users/mac/codes/devpitch/node/homelike/src/App/config.js": {"path":"/Users/mac/codes/devpitch/node/homelike/src/App/config.js","statementMap":{"0":{"start":{"line":1,"column":16},"end":{"line":1,"column":34}},"1":{"start":{"line":2,"column":17},"end":{"line":2,"column":36}},"2":{"start":{"line":4,"column":0},"end":{"line":4,"column":65}},"3":{"start":{"line":6,"column":19},"end":{"line":6,"column":50}},"4":{"start":{"line":7,"column":24},"end":{"line":7,"column":60}},"5":{"start":{"line":10,"column":12},"end":{"line":10,"column":21}},"6":{"start":{"line":11,"column":13},"end":{"line":11,"column":37}},"7":{"start":{"line":12,"column":11},"end":{"line":12,"column":31}},"8":{"start":{"line":14,"column":0},"end":{"line":30,"column":1}},"9":{"start":{"line":15,"column":2},"end":{"line":15,"column":50}},"10":{"start":{"line":16,"column":2},"end":{"line":16,"column":26}},"11":{"start":{"line":18,"column":2},"end":{"line":23,"column":58}},"12":{"start":{"line":23,"column":16},"end":{"line":23,"column":56}},"13":{"start":{"line":25,"column":2},"end":{"line":28,"column":4}},"14":{"start":{"line":29,"column":2},"end":{"line":29,"column":18}},"15":{"start":{"line":32,"column":0},"end":{"line":32,"column":36}},"16":{"start":{"line":33,"column":0},"end":{"line":33,"column":46}},"17":{"start":{"line":36,"column":0},"end":{"line":36,"column":35}}},"fnMap":{"0":{"name":"(anonymous_0)","decl":{"start":{"line":23,"column":10},"end":{"line":23,"column":11}},"loc":{"start":{"line":23,"column":16},"end":{"line":23,"column":56}},"line":23}},"branchMap":{"0":{"loc":{"start":{"line":11,"column":13},"end":{"line":11,"column":37}},"type":"binary-expr","locations":[{"start":{"line":11,"column":13},"end":{"line":11,"column":29}},{"start":{"line":11,"column":33},"end":{"line":11,"column":37}}],"line":11}},"s":{"0":1,"1":1,"2":1,"3":1,"4":1,"5":1,"6":1,"7":1,"8":1,"9":1,"10":1,"11":1,"12":1,"13":0,"14":0,"15":1,"16":1,"17":1},"f":{"0":1},"b":{"0":[1,1]},"_coverageSchema":"1a1c01bbd47fc00a2c39e90264f33305004495a9","hash":"b058854d143e8b90b82da4c77a39b7a0062b4f5e"}
,"/Users/mac/codes/devpitch/node/homelike/src/Controllers/ApartmentController.js": {"path":"/Users/mac/codes/devpitch/node/homelike/src/Controllers/ApartmentController.js","statementMap":{"0":{"start":{"line":2,"column":19},"end":{"line":2,"column":49}},"1":{"start":{"line":3,"column":17},"end":{"line":3,"column":45}},"2":{"start":{"line":4,"column":18},"end":{"line":4,"column":55}},"3":{"start":{"line":5,"column":26},"end":{"line":5,"column":71}},"4":{"start":{"line":6,"column":20},"end":{"line":6,"column":53}},"5":{"start":{"line":13,"column":0},"end":{"line":32,"column":3}},"6":{"start":{"line":14,"column":20},"end":{"line":27,"column":4}},"7":{"start":{"line":28,"column":2},"end":{"line":31,"column":5}},"8":{"start":{"line":34,"column":0},"end":{"line":41,"column":3}},"9":{"start":{"line":35,"column":21},"end":{"line":35,"column":43}},"10":{"start":{"line":37,"column":2},"end":{"line":40,"column":5}},"11":{"start":{"line":43,"column":0},"end":{"line":80,"column":3}},"12":{"start":{"line":44,"column":29},"end":{"line":44,"column":38}},"13":{"start":{"line":45,"column":16},"end":{"line":45,"column":55}},"14":{"start":{"line":46,"column":2},"end":{"line":63,"column":3}},"15":{"start":{"line":47,"column":21},"end":{"line":47,"column":38}},"16":{"start":{"line":49,"column":4},"end":{"line":56,"column":5}},"17":{"start":{"line":50,"column":6},"end":{"line":55,"column":8}},"18":{"start":{"line":58,"column":4},"end":{"line":62,"column":5}},"19":{"start":{"line":66,"column":19},"end":{"line":70,"column":19}},"20":{"start":{"line":71,"column":23},"end":{"line":71,"column":43}},"21":{"start":{"line":73,"column":4},"end":{"line":79,"column":7}},"22":{"start":{"line":82,"column":0},"end":{"line":94,"column":3}},"23":{"start":{"line":83,"column":31},"end":{"line":83,"column":41}},"24":{"start":{"line":84,"column":21},"end":{"line":84,"column":38}},"25":{"start":{"line":86,"column":2},"end":{"line":93,"column":3}},"26":{"start":{"line":87,"column":4},"end":{"line":92,"column":6}},"27":{"start":{"line":96,"column":0},"end":{"line":120,"column":3}},"28":{"start":{"line":97,"column":15},"end":{"line":100,"column":3}},"29":{"start":{"line":102,"column":17},"end":{"line":104,"column":4}},"30":{"start":{"line":106,"column":2},"end":{"line":111,"column":3}},"31":{"start":{"line":107,"column":4},"end":{"line":110,"column":7}},"32":{"start":{"line":113,"column":2},"end":{"line":113,"column":50}},"33":{"start":{"line":115,"column":2},"end":{"line":115,"column":60}},"34":{"start":{"line":116,"column":2},"end":{"line":119,"column":5}},"35":{"start":{"line":122,"column":0},"end":{"line":129,"column":3}},"36":{"start":{"line":123,"column":20},"end":{"line":123,"column":50}},"37":{"start":{"line":125,"column":2},"end":{"line":128,"column":5}}},"fnMap":{"0":{"name":"(anonymous_0)","decl":{"start":{"line":13,"column":28},"end":{"line":13,"column":29}},"loc":{"start":{"line":13,"column":48},"end":{"line":32,"column":1}},"line":13},"1":{"name":"(anonymous_1)","decl":{"start":{"line":34,"column":28},"end":{"line":34,"column":29}},"loc":{"start":{"line":34,"column":54},"end":{"line":41,"column":1}},"line":34},"2":{"name":"(anonymous_2)","decl":{"start":{"line":43,"column":28},"end":{"line":43,"column":29}},"loc":{"start":{"line":43,"column":54},"end":{"line":80,"column":1}},"line":43},"3":{"name":"(anonymous_3)","decl":{"start":{"line":82,"column":36},"end":{"line":82,"column":37}},"loc":{"start":{"line":82,"column":62},"end":{"line":94,"column":1}},"line":82},"4":{"name":"(anonymous_4)","decl":{"start":{"line":96,"column":34},"end":{"line":96,"column":35}},"loc":{"start":{"line":96,"column":60},"end":{"line":120,"column":1}},"line":96},"5":{"name":"(anonymous_5)","decl":{"start":{"line":122,"column":34},"end":{"line":122,"column":35}},"loc":{"start":{"line":122,"column":60},"end":{"line":129,"column":1}},"line":122}},"branchMap":{"0":{"loc":{"start":{"line":46,"column":2},"end":{"line":63,"column":3}},"type":"if","locations":[{"start":{"line":46,"column":2},"end":{"line":63,"column":3}},{"start":{},"end":{}}],"line":46},"1":{"loc":{"start":{"line":49,"column":4},"end":{"line":56,"column":5}},"type":"if","locations":[{"start":{"line":49,"column":4},"end":{"line":56,"column":5}},{"start":{},"end":{}}],"line":49},"2":{"loc":{"start":{"line":49,"column":8},"end":{"line":49,"column":20}},"type":"binary-expr","locations":[{"start":{"line":49,"column":8},"end":{"line":49,"column":12}},{"start":{"line":49,"column":16},"end":{"line":49,"column":20}}],"line":49},"3":{"loc":{"start":{"line":86,"column":2},"end":{"line":93,"column":3}},"type":"if","locations":[{"start":{"line":86,"column":2},"end":{"line":93,"column":3}},{"start":{},"end":{}}],"line":86},"4":{"loc":{"start":{"line":86,"column":6},"end":{"line":86,"column":18}},"type":"binary-expr","locations":[{"start":{"line":86,"column":6},"end":{"line":86,"column":10}},{"start":{"line":86,"column":14},"end":{"line":86,"column":18}}],"line":86},"5":{"loc":{"start":{"line":106,"column":2},"end":{"line":111,"column":3}},"type":"if","locations":[{"start":{"line":106,"column":2},"end":{"line":111,"column":3}},{"start":{},"end":{}}],"line":106}},"s":{"0":1,"1":1,"2":1,"3":1,"4":1,"5":1,"6":0,"7":0,"8":1,"9":0,"10":0,"11":1,"12":0,"13":0,"14":0,"15":0,"16":0,"17":0,"18":0,"19":0,"20":0,"21":0,"22":1,"23":0,"24":0,"25":0,"26":0,"27":1,"28":0,"29":0,"30":0,"31":0,"32":0,"33":0,"34":0,"35":1,"36":0,"37":0},"f":{"0":0,"1":0,"2":0,"3":0,"4":0,"5":0},"b":{"0":[0,0],"1":[0,0],"2":[0,0],"3":[0,0],"4":[0,0],"5":[0,0]},"_coverageSchema":"1a1c01bbd47fc00a2c39e90264f33305004495a9","hash":"ab541f3741d49c84ec689b266bcc8746bc7aaae6"}
,"/Users/mac/codes/devpitch/node/homelike/src/Controllers/AuthController.js": {"path":"/Users/mac/codes/devpitch/node/homelike/src/Controllers/AuthController.js","statementMap":{"0":{"start":{"line":1,"column":15},"end":{"line":1,"column":32}},"1":{"start":{"line":2,"column":13},"end":{"line":2,"column":45}},"2":{"start":{"line":3,"column":19},"end":{"line":3,"column":51}},"3":{"start":{"line":4,"column":12},"end":{"line":4,"column":35}},"4":{"start":{"line":5,"column":17},"end":{"line":5,"column":47}},"5":{"start":{"line":7,"column":18},"end":{"line":13,"column":1}},"6":{"start":{"line":8,"column":2},"end":{"line":10,"column":5}},"7":{"start":{"line":12,"column":2},"end":{"line":12,"column":38}},"8":{"start":{"line":15,"column":24},"end":{"line":35,"column":1}},"9":{"start":{"line":16,"column":16},"end":{"line":16,"column":35}},"10":{"start":{"line":17,"column":24},"end":{"line":22,"column":3}},"11":{"start":{"line":24,"column":2},"end":{"line":24,"column":73}},"12":{"start":{"line":24,"column":45},"end":{"line":24,"column":73}},"13":{"start":{"line":26,"column":2},"end":{"line":26,"column":42}},"14":{"start":{"line":29,"column":2},"end":{"line":29,"column":28}},"15":{"start":{"line":30,"column":2},"end":{"line":34,"column":5}},"16":{"start":{"line":38,"column":0},"end":{"line":60,"column":3}},"17":{"start":{"line":39,"column":15},"end":{"line":41,"column":3}},"18":{"start":{"line":43,"column":13},"end":{"line":45,"column":4}},"19":{"start":{"line":47,"column":2},"end":{"line":51,"column":3}},"20":{"start":{"line":48,"column":4},"end":{"line":50,"column":7}},"21":{"start":{"line":53,"column":2},"end":{"line":57,"column":5}},"22":{"start":{"line":59,"column":2},"end":{"line":59,"column":34}},"23":{"start":{"line":62,"column":0},"end":{"line":73,"column":2}},"24":{"start":{"line":63,"column":30},"end":{"line":63,"column":38}},"25":{"start":{"line":64,"column":2},"end":{"line":64,"column":93}},"26":{"start":{"line":64,"column":27},"end":{"line":64,"column":93}},"27":{"start":{"line":67,"column":15},"end":{"line":67,"column":64}},"28":{"start":{"line":69,"column":2},"end":{"line":70,"column":64}},"29":{"start":{"line":70,"column":2},"end":{"line":70,"column":64}},"30":{"start":{"line":72,"column":2},"end":{"line":72,"column":34}}},"fnMap":{"0":{"name":"(anonymous_0)","decl":{"start":{"line":7,"column":18},"end":{"line":7,"column":19}},"loc":{"start":{"line":7,"column":26},"end":{"line":13,"column":1}},"line":7},"1":{"name":"(anonymous_1)","decl":{"start":{"line":15,"column":24},"end":{"line":15,"column":25}},"loc":{"start":{"line":15,"column":51},"end":{"line":35,"column":1}},"line":15},"2":{"name":"(anonymous_2)","decl":{"start":{"line":38,"column":28},"end":{"line":38,"column":29}},"loc":{"start":{"line":38,"column":48},"end":{"line":60,"column":1}},"line":38},"3":{"name":"(anonymous_3)","decl":{"start":{"line":62,"column":16},"end":{"line":62,"column":17}},"loc":{"start":{"line":62,"column":42},"end":{"line":73,"column":1}},"line":62}},"branchMap":{"0":{"loc":{"start":{"line":24,"column":2},"end":{"line":24,"column":73}},"type":"if","locations":[{"start":{"line":24,"column":2},"end":{"line":24,"column":73}},{"start":{},"end":{}}],"line":24},"1":{"loc":{"start":{"line":47,"column":2},"end":{"line":51,"column":3}},"type":"if","locations":[{"start":{"line":47,"column":2},"end":{"line":51,"column":3}},{"start":{},"end":{}}],"line":47},"2":{"loc":{"start":{"line":64,"column":2},"end":{"line":64,"column":93}},"type":"if","locations":[{"start":{"line":64,"column":2},"end":{"line":64,"column":93}},{"start":{},"end":{}}],"line":64},"3":{"loc":{"start":{"line":64,"column":6},"end":{"line":64,"column":25}},"type":"binary-expr","locations":[{"start":{"line":64,"column":6},"end":{"line":64,"column":12}},{"start":{"line":64,"column":16},"end":{"line":64,"column":25}}],"line":64},"4":{"loc":{"start":{"line":69,"column":2},"end":{"line":70,"column":64}},"type":"if","locations":[{"start":{"line":69,"column":2},"end":{"line":70,"column":64}},{"start":{},"end":{}}],"line":69},"5":{"loc":{"start":{"line":69,"column":6},"end":{"line":69,"column":69}},"type":"binary-expr","locations":[{"start":{"line":69,"column":6},"end":{"line":69,"column":11}},{"start":{"line":69,"column":15},"end":{"line":69,"column":69}}],"line":69}},"s":{"0":1,"1":1,"2":1,"3":1,"4":1,"5":1,"6":2,"7":0,"8":1,"9":2,"10":2,"11":2,"12":0,"13":2,"14":2,"15":2,"16":1,"17":1,"18":1,"19":1,"20":0,"21":1,"22":1,"23":1,"24":2,"25":2,"26":0,"27":2,"28":2,"29":1,"30":1},"f":{"0":2,"1":2,"2":1,"3":2},"b":{"0":[0,2],"1":[0,1],"2":[0,2],"3":[2,2],"4":[1,1],"5":[2,2]},"_coverageSchema":"1a1c01bbd47fc00a2c39e90264f33305004495a9","hash":"74bd85f141551ec1723360061f926a4e3f9b6df2"}
,"/Users/mac/codes/devpitch/node/homelike/src/Controllers/UserController.js": {"path":"/Users/mac/codes/devpitch/node/homelike/src/Controllers/UserController.js","statementMap":{"0":{"start":{"line":1,"column":13},"end":{"line":1,"column":43}},"1":{"start":{"line":2,"column":19},"end":{"line":2,"column":49}},"2":{"start":{"line":3,"column":17},"end":{"line":3,"column":45}},"3":{"start":{"line":6,"column":0},"end":{"line":11,"column":3}},"4":{"start":{"line":7,"column":2},"end":{"line":10,"column":5}}},"fnMap":{"0":{"name":"(anonymous_0)","decl":{"start":{"line":6,"column":32},"end":{"line":6,"column":33}},"loc":{"start":{"line":6,"column":52},"end":{"line":11,"column":1}},"line":6}},"branchMap":{},"s":{"0":1,"1":1,"2":1,"3":1,"4":0},"f":{"0":0},"b":{},"_coverageSchema":"1a1c01bbd47fc00a2c39e90264f33305004495a9","hash":"eec47b26c79e440c28b0694eff046600192aab73"}
,"/Users/mac/codes/devpitch/node/homelike/src/Middleware/authGuard.js": {"path":"/Users/mac/codes/devpitch/node/homelike/src/Middleware/authGuard.js","statementMap":{"0":{"start":{"line":1,"column":22},"end":{"line":1,"column":37}},"1":{"start":{"line":2,"column":12},"end":{"line":2,"column":35}},"2":{"start":{"line":4,"column":19},"end":{"line":4,"column":49}},"3":{"start":{"line":5,"column":13},"end":{"line":5,"column":43}},"4":{"start":{"line":6,"column":17},"end":{"line":6,"column":45}},"5":{"start":{"line":8,"column":0},"end":{"line":24,"column":3}},"6":{"start":{"line":10,"column":4},"end":{"line":12,"column":5}},"7":{"start":{"line":11,"column":8},"end":{"line":11,"column":56}},"8":{"start":{"line":13,"column":4},"end":{"line":13,"column":71}},"9":{"start":{"line":13,"column":16},"end":{"line":13,"column":71}},"10":{"start":{"line":15,"column":20},"end":{"line":15,"column":78}},"11":{"start":{"line":16,"column":4},"end":{"line":16,"column":37}},"12":{"start":{"line":17,"column":24},"end":{"line":17,"column":55}},"13":{"start":{"line":18,"column":4},"end":{"line":18,"column":74}},"14":{"start":{"line":18,"column":21},"end":{"line":18,"column":74}},"15":{"start":{"line":20,"column":4},"end":{"line":20,"column":135}},"16":{"start":{"line":20,"column":55},"end":{"line":20,"column":135}},"17":{"start":{"line":22,"column":4},"end":{"line":22,"column":27}},"18":{"start":{"line":23,"column":4},"end":{"line":23,"column":11}}},"fnMap":{"0":{"name":"(anonymous_0)","decl":{"start":{"line":8,"column":34},"end":{"line":8,"column":35}},"loc":{"start":{"line":8,"column":60},"end":{"line":24,"column":1}},"line":8}},"branchMap":{"0":{"loc":{"start":{"line":10,"column":4},"end":{"line":12,"column":5}},"type":"if","locations":[{"start":{"line":10,"column":4},"end":{"line":12,"column":5}},{"start":{},"end":{}}],"line":10},"1":{"loc":{"start":{"line":10,"column":8},"end":{"line":10,"column":83}},"type":"binary-expr","locations":[{"start":{"line":10,"column":8},"end":{"line":10,"column":33}},{"start":{"line":10,"column":37},"end":{"line":10,"column":83}}],"line":10},"2":{"loc":{"start":{"line":13,"column":4},"end":{"line":13,"column":71}},"type":"if","locations":[{"start":{"line":13,"column":4},"end":{"line":13,"column":71}},{"start":{},"end":{}}],"line":13},"3":{"loc":{"start":{"line":18,"column":4},"end":{"line":18,"column":74}},"type":"if","locations":[{"start":{"line":18,"column":4},"end":{"line":18,"column":74}},{"start":{},"end":{}}],"line":18},"4":{"loc":{"start":{"line":20,"column":4},"end":{"line":20,"column":135}},"type":"if","locations":[{"start":{"line":20,"column":4},"end":{"line":20,"column":135}},{"start":{},"end":{}}],"line":20}},"s":{"0":1,"1":1,"2":1,"3":1,"4":1,"5":1,"6":0,"7":0,"8":0,"9":0,"10":0,"11":0,"12":0,"13":0,"14":0,"15":0,"16":0,"17":0,"18":0},"f":{"0":0},"b":{"0":[0,0],"1":[0,0],"2":[0,0],"3":[0,0],"4":[0,0]},"_coverageSchema":"1a1c01bbd47fc00a2c39e90264f33305004495a9","hash":"097700cdb44074667ea9c2912741672a72fe6089"}
,"/Users/mac/codes/devpitch/node/homelike/src/Middleware/validator.js": {"path":"/Users/mac/codes/devpitch/node/homelike/src/Middleware/validator.js","statementMap":{"0":{"start":{"line":1,"column":12},"end":{"line":1,"column":26}},"1":{"start":{"line":2,"column":0},"end":{"line":2,"column":43}},"2":{"start":{"line":3,"column":15},"end":{"line":3,"column":17}},"3":{"start":{"line":5,"column":0},"end":{"line":9,"column":3}},"4":{"start":{"line":10,"column":0},"end":{"line":13,"column":3}},"5":{"start":{"line":14,"column":0},"end":{"line":26,"column":3}},"6":{"start":{"line":28,"column":0},"end":{"line":30,"column":2}},"7":{"start":{"line":32,"column":0},"end":{"line":34,"column":2}},"8":{"start":{"line":36,"column":0},"end":{"line":45,"column":2}},"9":{"start":{"line":36,"column":38},"end":{"line":45,"column":1}},"10":{"start":{"line":37,"column":20},"end":{"line":37,"column":45}},"11":{"start":{"line":38,"column":2},"end":{"line":43,"column":3}},"12":{"start":{"line":39,"column":4},"end":{"line":42,"column":7}},"13":{"start":{"line":44,"column":2},"end":{"line":44,"column":9}}},"fnMap":{"0":{"name":"(anonymous_0)","decl":{"start":{"line":36,"column":26},"end":{"line":36,"column":27}},"loc":{"start":{"line":36,"column":38},"end":{"line":45,"column":1}},"line":36},"1":{"name":"(anonymous_1)","decl":{"start":{"line":36,"column":38},"end":{"line":36,"column":39}},"loc":{"start":{"line":36,"column":58},"end":{"line":45,"column":1}},"line":36}},"branchMap":{"0":{"loc":{"start":{"line":38,"column":2},"end":{"line":43,"column":3}},"type":"if","locations":[{"start":{"line":38,"column":2},"end":{"line":43,"column":3}},{"start":{},"end":{}}],"line":38}},"s":{"0":1,"1":1,"2":1,"3":1,"4":1,"5":1,"6":1,"7":1,"8":1,"9":4,"10":4,"11":4,"12":1,"13":3},"f":{"0":4,"1":4},"b":{"0":[1,3]},"_coverageSchema":"1a1c01bbd47fc00a2c39e90264f33305004495a9","hash":"c6fb4cecda27e1a1f6ce1951980d3ea46adb0a12"}
,"/Users/mac/codes/devpitch/node/homelike/src/Models/ApartmentModel.js": {"path":"/Users/mac/codes/devpitch/node/homelike/src/Models/ApartmentModel.js","statementMap":{"0":{"start":{"line":1,"column":17},"end":{"line":1,"column":36}},"1":{"start":{"line":2,"column":18},"end":{"line":2,"column":38}},"2":{"start":{"line":4,"column":20},"end":{"line":12,"column":2}},"3":{"start":{"line":14,"column":24},"end":{"line":66,"column":1}},"4":{"start":{"line":75,"column":0},"end":{"line":82,"column":3}},"5":{"start":{"line":76,"column":2},"end":{"line":79,"column":5}},"6":{"start":{"line":81,"column":2},"end":{"line":81,"column":9}},"7":{"start":{"line":83,"column":0},"end":{"line":86,"column":3}},"8":{"start":{"line":84,"column":2},"end":{"line":84,"column":26}},"9":{"start":{"line":85,"column":2},"end":{"line":85,"column":9}},"10":{"start":{"line":88,"column":0},"end":{"line":88,"column":52}},"11":{"start":{"line":92,"column":18},"end":{"line":92,"column":62}},"12":{"start":{"line":93,"column":0},"end":{"line":93,"column":27}}},"fnMap":{"0":{"name":"(anonymous_0)","decl":{"start":{"line":75,"column":29},"end":{"line":75,"column":30}},"loc":{"start":{"line":75,"column":45},"end":{"line":82,"column":1}},"line":75},"1":{"name":"(anonymous_1)","decl":{"start":{"line":83,"column":29},"end":{"line":83,"column":30}},"loc":{"start":{"line":83,"column":45},"end":{"line":86,"column":1}},"line":83}},"branchMap":{},"s":{"0":1,"1":1,"2":1,"3":1,"4":1,"5":0,"6":0,"7":1,"8":0,"9":0,"10":1,"11":1,"12":1},"f":{"0":0,"1":0},"b":{},"_coverageSchema":"1a1c01bbd47fc00a2c39e90264f33305004495a9","hash":"cafc87361bd709747701055d09f960bf03c75b81"}
,"/Users/mac/codes/devpitch/node/homelike/src/Models/FavoriteApartmentModel.js": {"path":"/Users/mac/codes/devpitch/node/homelike/src/Models/FavoriteApartmentModel.js","statementMap":{"0":{"start":{"line":1,"column":17},"end":{"line":1,"column":36}},"1":{"start":{"line":3,"column":20},"end":{"line":11,"column":2}},"2":{"start":{"line":13,"column":32},"end":{"line":34,"column":1}},"3":{"start":{"line":36,"column":0},"end":{"line":43,"column":3}},"4":{"start":{"line":37,"column":2},"end":{"line":40,"column":5}},"5":{"start":{"line":42,"column":2},"end":{"line":42,"column":9}},"6":{"start":{"line":44,"column":0},"end":{"line":47,"column":3}},"7":{"start":{"line":45,"column":2},"end":{"line":45,"column":32}},"8":{"start":{"line":46,"column":2},"end":{"line":46,"column":9}},"9":{"start":{"line":49,"column":26},"end":{"line":52,"column":1}},"10":{"start":{"line":53,"column":0},"end":{"line":53,"column":35}}},"fnMap":{"0":{"name":"(anonymous_0)","decl":{"start":{"line":36,"column":37},"end":{"line":36,"column":38}},"loc":{"start":{"line":36,"column":53},"end":{"line":43,"column":1}},"line":36},"1":{"name":"(anonymous_1)","decl":{"start":{"line":44,"column":37},"end":{"line":44,"column":38}},"loc":{"start":{"line":44,"column":53},"end":{"line":47,"column":1}},"line":44}},"branchMap":{},"s":{"0":1,"1":1,"2":1,"3":1,"4":0,"5":0,"6":1,"7":0,"8":0,"9":1,"10":1},"f":{"0":0,"1":0},"b":{},"_coverageSchema":"1a1c01bbd47fc00a2c39e90264f33305004495a9","hash":"aedcb92d4c5d014970e0206d3d4da5439c12fd52"}
,"/Users/mac/codes/devpitch/node/homelike/src/Models/UserModel.js": {"path":"/Users/mac/codes/devpitch/node/homelike/src/Models/UserModel.js","statementMap":{"0":{"start":{"line":1,"column":15},"end":{"line":1,"column":32}},"1":{"start":{"line":2,"column":17},"end":{"line":2,"column":36}},"2":{"start":{"line":3,"column":18},"end":{"line":3,"column":38}},"3":{"start":{"line":4,"column":15},"end":{"line":4,"column":34}},"4":{"start":{"line":6,"column":19},"end":{"line":41,"column":2}},"5":{"start":{"line":43,"column":0},"end":{"line":53,"column":3}},"6":{"start":{"line":45,"column":2},"end":{"line":45,"column":50}},"7":{"start":{"line":45,"column":36},"end":{"line":45,"column":50}},"8":{"start":{"line":48,"column":15},"end":{"line":48,"column":39}},"9":{"start":{"line":49,"column":2},"end":{"line":49,"column":57}},"10":{"start":{"line":52,"column":2},"end":{"line":52,"column":9}},"11":{"start":{"line":55,"column":0},"end":{"line":60,"column":3}},"12":{"start":{"line":56,"column":2},"end":{"line":56,"column":64}},"13":{"start":{"line":56,"column":50},"end":{"line":56,"column":64}},"14":{"start":{"line":58,"column":2},"end":{"line":58,"column":45}},"15":{"start":{"line":59,"column":2},"end":{"line":59,"column":9}},"16":{"start":{"line":62,"column":0},"end":{"line":65,"column":3}},"17":{"start":{"line":63,"column":2},"end":{"line":63,"column":40}},"18":{"start":{"line":64,"column":2},"end":{"line":64,"column":9}},"19":{"start":{"line":67,"column":0},"end":{"line":72,"column":2}},"20":{"start":{"line":71,"column":2},"end":{"line":71,"column":63}},"21":{"start":{"line":74,"column":0},"end":{"line":84,"column":2}},"22":{"start":{"line":75,"column":2},"end":{"line":82,"column":3}},"23":{"start":{"line":76,"column":29},"end":{"line":79,"column":5}},"24":{"start":{"line":81,"column":4},"end":{"line":81,"column":43}},"25":{"start":{"line":83,"column":2},"end":{"line":83,"column":15}},"26":{"start":{"line":86,"column":0},"end":{"line":97,"column":2}},"27":{"start":{"line":87,"column":21},"end":{"line":87,"column":59}},"28":{"start":{"line":89,"column":2},"end":{"line":92,"column":19}},"29":{"start":{"line":94,"column":2},"end":{"line":94,"column":58}},"30":{"start":{"line":96,"column":2},"end":{"line":96,"column":20}},"31":{"start":{"line":101,"column":13},"end":{"line":101,"column":47}},"32":{"start":{"line":103,"column":0},"end":{"line":103,"column":22}}},"fnMap":{"0":{"name":"(anonymous_0)","decl":{"start":{"line":43,"column":23},"end":{"line":43,"column":24}},"loc":{"start":{"line":43,"column":45},"end":{"line":53,"column":1}},"line":43},"1":{"name":"(anonymous_1)","decl":{"start":{"line":55,"column":23},"end":{"line":55,"column":24}},"loc":{"start":{"line":55,"column":39},"end":{"line":60,"column":1}},"line":55},"2":{"name":"(anonymous_2)","decl":{"start":{"line":62,"column":24},"end":{"line":62,"column":25}},"loc":{"start":{"line":62,"column":40},"end":{"line":65,"column":1}},"line":62},"3":{"name":"(anonymous_3)","decl":{"start":{"line":67,"column":37},"end":{"line":67,"column":38}},"loc":{"start":{"line":70,"column":2},"end":{"line":72,"column":1}},"line":70},"4":{"name":"(anonymous_4)","decl":{"start":{"line":74,"column":42},"end":{"line":74,"column":43}},"loc":{"start":{"line":74,"column":66},"end":{"line":84,"column":1}},"line":74},"5":{"name":"(anonymous_5)","decl":{"start":{"line":86,"column":46},"end":{"line":86,"column":47}},"loc":{"start":{"line":86,"column":58},"end":{"line":97,"column":1}},"line":86}},"branchMap":{"0":{"loc":{"start":{"line":45,"column":2},"end":{"line":45,"column":50}},"type":"if","locations":[{"start":{"line":45,"column":2},"end":{"line":45,"column":50}},{"start":{},"end":{}}],"line":45},"1":{"loc":{"start":{"line":56,"column":2},"end":{"line":56,"column":64}},"type":"if","locations":[{"start":{"line":56,"column":2},"end":{"line":56,"column":64}},{"start":{},"end":{}}],"line":56},"2":{"loc":{"start":{"line":56,"column":6},"end":{"line":56,"column":48}},"type":"binary-expr","locations":[{"start":{"line":56,"column":6},"end":{"line":56,"column":34}},{"start":{"line":56,"column":38},"end":{"line":56,"column":48}}],"line":56},"3":{"loc":{"start":{"line":75,"column":2},"end":{"line":82,"column":3}},"type":"if","locations":[{"start":{"line":75,"column":2},"end":{"line":82,"column":3}},{"start":{},"end":{}}],"line":75}},"s":{"0":1,"1":1,"2":1,"3":1,"4":1,"5":1,"6":1,"7":0,"8":1,"9":1,"10":1,"11":1,"12":1,"13":1,"14":0,"15":0,"16":1,"17":3,"18":3,"19":1,"20":2,"21":1,"22":0,"23":0,"24":0,"25":0,"26":1,"27":0,"28":0,"29":0,"30":0,"31":1,"32":1},"f":{"0":1,"1":1,"2":3,"3":2,"4":0,"5":0},"b":{"0":[0,1],"1":[1,0],"2":[1,1],"3":[0,0]},"_coverageSchema":"1a1c01bbd47fc00a2c39e90264f33305004495a9","hash":"8aed201238cd246963f74276b0aa6d94bf4e9146"}
,"/Users/mac/codes/devpitch/node/homelike/src/Routes/apartmentRoutes.js": {"path":"/Users/mac/codes/devpitch/node/homelike/src/Routes/apartmentRoutes.js","statementMap":{"0":{"start":{"line":1,"column":16},"end":{"line":1,"column":34}},"1":{"start":{"line":2,"column":28},"end":{"line":2,"column":73}},"2":{"start":{"line":3,"column":30},"end":{"line":3,"column":64}},"3":{"start":{"line":4,"column":25},"end":{"line":4,"column":59}},"4":{"start":{"line":5,"column":15},"end":{"line":5,"column":31}},"5":{"start":{"line":7,"column":0},"end":{"line":7,"column":58}},"6":{"start":{"line":8,"column":0},"end":{"line":8,"column":100}},"7":{"start":{"line":9,"column":0},"end":{"line":9,"column":110}},"8":{"start":{"line":10,"column":0},"end":{"line":10,"column":72}},"9":{"start":{"line":11,"column":0},"end":{"line":11,"column":64}},"10":{"start":{"line":28,"column":0},"end":{"line":28,"column":24}}},"fnMap":{},"branchMap":{},"s":{"0":1,"1":1,"2":1,"3":1,"4":1,"5":1,"6":1,"7":1,"8":1,"9":1,"10":1},"f":{},"b":{},"_coverageSchema":"1a1c01bbd47fc00a2c39e90264f33305004495a9","hash":"55999e911a41e08fe008823c3b567ed039a489d6"}
,"/Users/mac/codes/devpitch/node/homelike/src/Routes/userRoutes.js": {"path":"/Users/mac/codes/devpitch/node/homelike/src/Routes/userRoutes.js","statementMap":{"0":{"start":{"line":1,"column":16},"end":{"line":1,"column":34}},"1":{"start":{"line":2,"column":23},"end":{"line":2,"column":63}},"2":{"start":{"line":3,"column":23},"end":{"line":3,"column":63}},"3":{"start":{"line":4,"column":30},"end":{"line":4,"column":66}},"4":{"start":{"line":5,"column":25},"end":{"line":5,"column":59}},"5":{"start":{"line":6,"column":15},"end":{"line":6,"column":31}},"6":{"start":{"line":8,"column":0},"end":{"line":8,"column":76}},"7":{"start":{"line":9,"column":0},"end":{"line":9,"column":73}},"8":{"start":{"line":10,"column":0},"end":{"line":10,"column":64}},"9":{"start":{"line":12,"column":0},"end":{"line":12,"column":24}}},"fnMap":{},"branchMap":{},"s":{"0":1,"1":1,"2":1,"3":1,"4":1,"5":1,"6":1,"7":1,"8":1,"9":1},"f":{},"b":{},"_coverageSchema":"1a1c01bbd47fc00a2c39e90264f33305004495a9","hash":"f406853741e647050194ea6b2b37df54aa3bc523"}
,"/Users/mac/codes/devpitch/node/homelike/src/Utils/ApiFeatures.js": {"path":"/Users/mac/codes/devpitch/node/homelike/src/Utils/ApiFeatures.js","statementMap":{"0":{"start":{"line":7,"column":4},"end":{"line":9,"column":31}},"1":{"start":{"line":13,"column":21},"end":{"line":13,"column":44}},"2":{"start":{"line":16,"column":4},"end":{"line":16,"column":23}},"3":{"start":{"line":17,"column":4},"end":{"line":17,"column":30}},"4":{"start":{"line":20,"column":19},"end":{"line":20,"column":43}},"5":{"start":{"line":21,"column":4},"end":{"line":21,"column":80}},"6":{"start":{"line":21,"column":67},"end":{"line":21,"column":78}},"7":{"start":{"line":22,"column":4},"end":{"line":22,"column":38}},"8":{"start":{"line":24,"column":4},"end":{"line":24,"column":55}},"9":{"start":{"line":26,"column":4},"end":{"line":26,"column":16}},"10":{"start":{"line":30,"column":4},"end":{"line":30,"column":65}},"11":{"start":{"line":30,"column":53},"end":{"line":30,"column":65}},"12":{"start":{"line":32,"column":21},"end":{"line":32,"column":70}},"13":{"start":{"line":33,"column":19},"end":{"line":33,"column":36}},"14":{"start":{"line":35,"column":4},"end":{"line":41,"column":7}},"15":{"start":{"line":43,"column":4},"end":{"line":43,"column":16}},"16":{"start":{"line":47,"column":4},"end":{"line":52,"column":5}},"17":{"start":{"line":48,"column":21},"end":{"line":48,"column":63}},"18":{"start":{"line":49,"column":6},"end":{"line":49,"column":43}},"19":{"start":{"line":51,"column":6},"end":{"line":51,"column":49}},"20":{"start":{"line":54,"column":4},"end":{"line":54,"column":16}},"21":{"start":{"line":58,"column":4},"end":{"line":63,"column":5}},"22":{"start":{"line":59,"column":21},"end":{"line":59,"column":65}},"23":{"start":{"line":60,"column":6},"end":{"line":60,"column":45}},"24":{"start":{"line":62,"column":6},"end":{"line":62,"column":44}},"25":{"start":{"line":65,"column":4},"end":{"line":65,"column":16}},"26":{"start":{"line":69,"column":17},"end":{"line":69,"column":51}},"27":{"start":{"line":70,"column":18},"end":{"line":70,"column":55}},"28":{"start":{"line":71,"column":17},"end":{"line":71,"column":35}},"29":{"start":{"line":73,"column":4},"end":{"line":73,"column":52}},"30":{"start":{"line":75,"column":4},"end":{"line":75,"column":16}},"31":{"start":{"line":79,"column":0},"end":{"line":79,"column":29}}},"fnMap":{"0":{"name":"(anonymous_0)","decl":{"start":{"line":2,"column":2},"end":{"line":2,"column":3}},"loc":{"start":{"line":6,"column":4},"end":{"line":10,"column":3}},"line":6},"1":{"name":"(anonymous_1)","decl":{"start":{"line":12,"column":2},"end":{"line":12,"column":3}},"loc":{"start":{"line":12,"column":11},"end":{"line":27,"column":3}},"line":12},"2":{"name":"(anonymous_2)","decl":{"start":{"line":21,"column":56},"end":{"line":21,"column":57}},"loc":{"start":{"line":21,"column":67},"end":{"line":21,"column":78}},"line":21},"3":{"name":"(anonymous_3)","decl":{"start":{"line":29,"column":2},"end":{"line":29,"column":3}},"loc":{"start":{"line":29,"column":16},"end":{"line":44,"column":3}},"line":29},"4":{"name":"(anonymous_4)","decl":{"start":{"line":46,"column":2},"end":{"line":46,"column":3}},"loc":{"start":{"line":46,"column":9},"end":{"line":55,"column":3}},"line":46},"5":{"name":"(anonymous_5)","decl":{"start":{"line":57,"column":2},"end":{"line":57,"column":3}},"loc":{"start":{"line":57,"column":16},"end":{"line":66,"column":3}},"line":57},"6":{"name":"(anonymous_6)","decl":{"start":{"line":68,"column":2},"end":{"line":68,"column":3}},"loc":{"start":{"line":68,"column":13},"end":{"line":76,"column":3}},"line":68}},"branchMap":{"0":{"loc":{"start":{"line":5,"column":4},"end":{"line":5,"column":54}},"type":"default-arg","locations":[{"start":{"line":5,"column":14},"end":{"line":5,"column":54}}],"line":5},"1":{"loc":{"start":{"line":30,"column":4},"end":{"line":30,"column":65}},"type":"if","locations":[{"start":{"line":30,"column":4},"end":{"line":30,"column":65}},{"start":{},"end":{}}],"line":30},"2":{"loc":{"start":{"line":30,"column":8},"end":{"line":30,"column":51}},"type":"binary-expr","locations":[{"start":{"line":30,"column":8},"end":{"line":30,"column":30}},{"start":{"line":30,"column":34},"end":{"line":30,"column":51}}],"line":30},"3":{"loc":{"start":{"line":32,"column":21},"end":{"line":32,"column":70}},"type":"cond-expr","locations":[{"start":{"line":32,"column":45},"end":{"line":32,"column":66}},{"start":{"line":32,"column":69},"end":{"line":32,"column":70}}],"line":32},"4":{"loc":{"start":{"line":47,"column":4},"end":{"line":52,"column":5}},"type":"if","locations":[{"start":{"line":47,"column":4},"end":{"line":52,"column":5}},{"start":{"line":50,"column":11},"end":{"line":52,"column":5}}],"line":47},"5":{"loc":{"start":{"line":58,"column":4},"end":{"line":63,"column":5}},"type":"if","locations":[{"start":{"line":58,"column":4},"end":{"line":63,"column":5}},{"start":{"line":61,"column":11},"end":{"line":63,"column":5}}],"line":58},"6":{"loc":{"start":{"line":69,"column":17},"end":{"line":69,"column":51}},"type":"binary-expr","locations":[{"start":{"line":69,"column":17},"end":{"line":69,"column":46}},{"start":{"line":69,"column":50},"end":{"line":69,"column":51}}],"line":69},"7":{"loc":{"start":{"line":70,"column":18},"end":{"line":70,"column":55}},"type":"binary-expr","locations":[{"start":{"line":70,"column":18},"end":{"line":70,"column":48}},{"start":{"line":70,"column":52},"end":{"line":70,"column":55}}],"line":70}},"s":{"0":0,"1":0,"2":0,"3":0,"4":0,"5":0,"6":0,"7":0,"8":0,"9":0,"10":0,"11":0,"12":0,"13":0,"14":0,"15":0,"16":0,"17":0,"18":0,"19":0,"20":0,"21":0,"22":0,"23":0,"24":0,"25":0,"26":0,"27":0,"28":0,"29":0,"30":0,"31":1},"f":{"0":0,"1":0,"2":0,"3":0,"4":0,"5":0,"6":0},"b":{"0":[0],"1":[0,0],"2":[0,0],"3":[0,0],"4":[0,0],"5":[0,0],"6":[0,0],"7":[0,0]},"_coverageSchema":"1a1c01bbd47fc00a2c39e90264f33305004495a9","hash":"e983d7b4c150fae1ceefb96ae7109ba1a086e81f"}
,"/Users/mac/codes/devpitch/node/homelike/src/Utils/AppError.js": {"path":"/Users/mac/codes/devpitch/node/homelike/src/Utils/AppError.js","statementMap":{"0":{"start":{"line":3,"column":8},"end":{"line":3,"column":23}},"1":{"start":{"line":5,"column":8},"end":{"line":7,"column":33}},"2":{"start":{"line":9,"column":8},"end":{"line":9,"column":55}},"3":{"start":{"line":13,"column":0},"end":{"line":13,"column":26}}},"fnMap":{"0":{"name":"(anonymous_0)","decl":{"start":{"line":2,"column":4},"end":{"line":2,"column":5}},"loc":{"start":{"line":2,"column":37},"end":{"line":10,"column":5}},"line":2}},"branchMap":{"0":{"loc":{"start":{"line":6,"column":22},"end":{"line":6,"column":74}},"type":"cond-expr","locations":[{"start":{"line":6,"column":56},"end":{"line":6,"column":64}},{"start":{"line":6,"column":67},"end":{"line":6,"column":74}}],"line":6}},"s":{"0":1,"1":1,"2":1,"3":1},"f":{"0":1},"b":{"0":[1,0]},"_coverageSchema":"1a1c01bbd47fc00a2c39e90264f33305004495a9","hash":"ba51a04c42fdd68ea7de06fccdd63af4e319647c"}
,"/Users/mac/codes/devpitch/node/homelike/src/Utils/CatchAsync.js": {"path":"/Users/mac/codes/devpitch/node/homelike/src/Utils/CatchAsync.js","statementMap":{"0":{"start":{"line":1,"column":0},"end":{"line":5,"column":2}},"1":{"start":{"line":2,"column":4},"end":{"line":4,"column":6}},"2":{"start":{"line":3,"column":8},"end":{"line":3,"column":38}}},"fnMap":{"0":{"name":"(anonymous_0)","decl":{"start":{"line":1,"column":18},"end":{"line":1,"column":19}},"loc":{"start":{"line":1,"column":24},"end":{"line":5,"column":1}},"line":1},"1":{"name":"(anonymous_1)","decl":{"start":{"line":2,"column":11},"end":{"line":2,"column":12}},"loc":{"start":{"line":2,"column":31},"end":{"line":4,"column":5}},"line":2}},"branchMap":{},"s":{"0":1,"1":9,"2":1},"f":{"0":9,"1":1},"b":{},"_coverageSchema":"1a1c01bbd47fc00a2c39e90264f33305004495a9","hash":"a85deb40d4432e225b64964b13c0985de3b66d88"}
}
