TN:
SF:src/App/config.js
FN:23,(anonymous_0)
FNF:1
FNH:1
FNDA:1,(anonymous_0)
DA:1,1
DA:2,1
DA:4,1
DA:6,1
DA:7,1
DA:10,1
DA:11,1
DA:12,1
DA:14,1
DA:15,1
DA:16,1
DA:18,1
DA:23,1
DA:25,0
DA:29,0
DA:32,1
DA:33,1
DA:36,1
LF:18
LH:16
BRDA:11,0,0,1
BRDA:11,0,1,1
BRF:2
BRH:2
end_of_record
TN:
SF:src/Controllers/ApartmentController.js
FN:13,(anonymous_0)
FN:34,(anonymous_1)
FN:43,(anonymous_2)
FN:82,(anonymous_3)
FN:96,(anonymous_4)
FN:122,(anonymous_5)
FNF:6
FNH:0
FNDA:0,(anonymous_0)
FNDA:0,(anonymous_1)
FNDA:0,(anonymous_2)
FNDA:0,(anonymous_3)
FNDA:0,(anonymous_4)
FNDA:0,(anonymous_5)
DA:2,1
DA:3,1
DA:4,1
DA:5,1
DA:6,1
DA:13,1
DA:14,0
DA:28,0
DA:34,1
DA:35,0
DA:37,0
DA:43,1
DA:44,0
DA:45,0
DA:46,0
DA:47,0
DA:49,0
DA:50,0
DA:58,0
DA:66,0
DA:71,0
DA:73,0
DA:82,1
DA:83,0
DA:84,0
DA:86,0
DA:87,0
DA:96,1
DA:97,0
DA:102,0
DA:106,0
DA:107,0
DA:113,0
DA:115,0
DA:116,0
DA:122,1
DA:123,0
DA:125,0
LF:38
LH:11
BRDA:46,0,0,0
BRDA:46,0,1,0
BRDA:49,1,0,0
BRDA:49,1,1,0
BRDA:49,2,0,0
BRDA:49,2,1,0
BRDA:86,3,0,0
BRDA:86,3,1,0
BRDA:86,4,0,0
BRDA:86,4,1,0
BRDA:106,5,0,0
BRDA:106,5,1,0
BRF:12
BRH:0
end_of_record
TN:
SF:src/Controllers/AuthController.js
FN:7,(anonymous_0)
FN:15,(anonymous_1)
FN:38,(anonymous_2)
FN:62,(anonymous_3)
FNF:4
FNH:4
FNDA:2,(anonymous_0)
FNDA:2,(anonymous_1)
FNDA:1,(anonymous_2)
FNDA:2,(anonymous_3)
DA:1,1
DA:2,1
DA:3,1
DA:4,1
DA:5,1
DA:7,1
DA:8,2
DA:12,0
DA:15,1
DA:16,2
DA:17,2
DA:24,2
DA:26,2
DA:29,2
DA:30,2
DA:38,1
DA:39,1
DA:43,1
DA:47,1
DA:48,0
DA:53,1
DA:59,1
DA:62,1
DA:63,2
DA:64,2
DA:67,2
DA:69,2
DA:70,1
DA:72,1
LF:29
LH:27
BRDA:24,0,0,0
BRDA:24,0,1,2
BRDA:47,1,0,0
BRDA:47,1,1,1
BRDA:64,2,0,0
BRDA:64,2,1,2
BRDA:64,3,0,2
BRDA:64,3,1,2
BRDA:69,4,0,1
BRDA:69,4,1,1
BRDA:69,5,0,2
BRDA:69,5,1,2
BRF:12
BRH:9
end_of_record
TN:
SF:src/Controllers/UserController.js
FN:6,(anonymous_0)
FNF:1
FNH:0
FNDA:0,(anonymous_0)
DA:1,1
DA:2,1
DA:3,1
DA:6,1
DA:7,0
LF:5
LH:4
BRF:0
BRH:0
end_of_record
TN:
SF:src/Middleware/authGuard.js
FN:8,(anonymous_0)
FNF:1
FNH:0
FNDA:0,(anonymous_0)
DA:1,1
DA:2,1
DA:4,1
DA:5,1
DA:6,1
DA:8,1
DA:10,0
DA:11,0
DA:13,0
DA:15,0
DA:16,0
DA:17,0
DA:18,0
DA:20,0
DA:22,0
DA:23,0
LF:16
LH:6
BRDA:10,0,0,0
BRDA:10,0,1,0
BRDA:10,1,0,0
BRDA:10,1,1,0
BRDA:13,2,0,0
BRDA:13,2,1,0
BRDA:18,3,0,0
BRDA:18,3,1,0
BRDA:20,4,0,0
BRDA:20,4,1,0
BRF:10
BRH:0
end_of_record
TN:
SF:src/Middleware/validator.js
FN:36,(anonymous_0)
FN:36,(anonymous_1)
FNF:2
FNH:2
FNDA:4,(anonymous_0)
FNDA:4,(anonymous_1)
DA:1,1
DA:2,1
DA:3,1
DA:5,1
DA:10,1
DA:14,1
DA:28,1
DA:32,1
DA:36,4
DA:37,4
DA:38,4
DA:39,1
DA:44,3
LF:13
LH:13
BRDA:38,0,0,1
BRDA:38,0,1,3
BRF:2
BRH:2
end_of_record
TN:
SF:src/Models/ApartmentModel.js
FN:75,(anonymous_0)
FN:83,(anonymous_1)
FNF:2
FNH:0
FNDA:0,(anonymous_0)
FNDA:0,(anonymous_1)
DA:1,1
DA:2,1
DA:4,1
DA:14,1
DA:75,1
DA:76,0
DA:81,0
DA:83,1
DA:84,0
DA:85,0
DA:88,1
DA:92,1
DA:93,1
LF:13
LH:9
BRF:0
BRH:0
end_of_record
TN:
SF:src/Models/FavoriteApartmentModel.js
FN:36,(anonymous_0)
FN:44,(anonymous_1)
FNF:2
FNH:0
FNDA:0,(anonymous_0)
FNDA:0,(anonymous_1)
DA:1,1
DA:3,1
DA:13,1
DA:36,1
DA:37,0
DA:42,0
DA:44,1
DA:45,0
DA:46,0
DA:49,1
DA:53,1
LF:11
LH:7
BRF:0
BRH:0
end_of_record
TN:
SF:src/Models/UserModel.js
FN:43,(anonymous_0)
FN:55,(anonymous_1)
FN:62,(anonymous_2)
FN:67,(anonymous_3)
FN:74,(anonymous_4)
FN:86,(anonymous_5)
FNF:6
FNH:4
FNDA:1,(anonymous_0)
FNDA:1,(anonymous_1)
FNDA:3,(anonymous_2)
FNDA:2,(anonymous_3)
FNDA:0,(anonymous_4)
FNDA:0,(anonymous_5)
DA:1,1
DA:2,1
DA:3,1
DA:4,1
DA:6,1
DA:43,1
DA:45,1
DA:48,1
DA:49,1
DA:52,1
DA:55,1
DA:56,1
DA:58,0
DA:59,0
DA:62,1
DA:63,3
DA:64,3
DA:67,1
DA:71,2
DA:74,1
DA:75,0
DA:76,0
DA:81,0
DA:83,0
DA:86,1
DA:87,0
DA:89,0
DA:94,0
DA:96,0
DA:101,1
DA:103,1
LF:31
LH:21
BRDA:45,0,0,0
BRDA:45,0,1,1
BRDA:56,1,0,1
BRDA:56,1,1,0
BRDA:56,2,0,1
BRDA:56,2,1,1
BRDA:75,3,0,0
BRDA:75,3,1,0
BRF:8
BRH:4
end_of_record
TN:
SF:src/Routes/apartmentRoutes.js
FNF:0
FNH:0
DA:1,1
DA:2,1
DA:3,1
DA:4,1
DA:5,1
DA:7,1
DA:8,1
DA:9,1
DA:10,1
DA:11,1
DA:28,1
LF:11
LH:11
BRF:0
BRH:0
end_of_record
TN:
SF:src/Routes/userRoutes.js
FNF:0
FNH:0
DA:1,1
DA:2,1
DA:3,1
DA:4,1
DA:5,1
DA:6,1
DA:8,1
DA:9,1
DA:10,1
DA:12,1
LF:10
LH:10
BRF:0
BRH:0
end_of_record
TN:
SF:src/Utils/ApiFeatures.js
FN:2,(anonymous_0)
FN:12,(anonymous_1)
FN:21,(anonymous_2)
FN:29,(anonymous_3)
FN:46,(anonymous_4)
FN:57,(anonymous_5)
FN:68,(anonymous_6)
FNF:7
FNH:0
FNDA:0,(anonymous_0)
FNDA:0,(anonymous_1)
FNDA:0,(anonymous_2)
FNDA:0,(anonymous_3)
FNDA:0,(anonymous_4)
FNDA:0,(anonymous_5)
FNDA:0,(anonymous_6)
DA:7,0
DA:13,0
DA:16,0
DA:17,0
DA:20,0
DA:21,0
DA:22,0
DA:24,0
DA:26,0
DA:30,0
DA:32,0
DA:33,0
DA:35,0
DA:43,0
DA:47,0
DA:48,0
DA:49,0
DA:51,0
DA:54,0
DA:58,0
DA:59,0
DA:60,0
DA:62,0
DA:65,0
DA:69,0
DA:70,0
DA:71,0
DA:73,0
DA:75,0
DA:79,1
LF:30
LH:1
BRDA:5,0,0,0
BRDA:30,1,0,0
BRDA:30,1,1,0
BRDA:30,2,0,0
BRDA:30,2,1,0
BRDA:32,3,0,0
BRDA:32,3,1,0
BRDA:47,4,0,0
BRDA:47,4,1,0
BRDA:58,5,0,0
BRDA:58,5,1,0
BRDA:69,6,0,0
BRDA:69,6,1,0
BRDA:70,7,0,0
BRDA:70,7,1,0
BRF:15
BRH:0
end_of_record
TN:
SF:src/Utils/AppError.js
FN:2,(anonymous_0)
FNF:1
FNH:1
FNDA:1,(anonymous_0)
DA:3,1
DA:5,1
DA:9,1
DA:13,1
LF:4
LH:4
BRDA:6,0,0,1
BRDA:6,0,1,0
BRF:2
BRH:1
end_of_record
TN:
SF:src/Utils/CatchAsync.js
FN:1,(anonymous_0)
FN:2,(anonymous_1)
FNF:2
FNH:2
FNDA:9,(anonymous_0)
FNDA:1,(anonymous_1)
DA:1,1
DA:2,9
DA:3,1
LF:3
LH:3
BRF:0
BRH:0
end_of_record
